2026-06-04 03:32:02,970 - chunk - INFO - Starting PDF chunking process...
2026-06-04 03:32:03,102 - chunk - INFO - Created 177 chunks for PDF 'corpus/benefits_policy_manual/bp102c01.pdf'.
2026-06-04 03:32:03,103 - chunk - INFO - Created 50 chunks for PDF 'corpus/benefits_policy_manual/bp102c02.pdf'.
2026-06-04 03:32:03,104 - chunk - INFO - Created 13 chunks for PDF 'corpus/benefits_policy_manual/bp102c03.pdf'.
2026-06-04 03:32:03,104 - chunk - INFO - Created 14 chunks for PDF 'corpus/benefits_policy_manual/bp102c04.pdf'.
2026-06-04 03:32:03,106 - chunk - INFO - Created 40 chunks for PDF 'corpus/benefits_policy_manual/bp102c05.pdf'.
2026-06-04 03:32:03,110 - chunk - INFO - Created 138 chunks for PDF 'corpus/benefits_policy_manual/bp102c06.pdf'.
2026-06-04 03:32:03,119 - chunk - INFO - Created 328 chunks for PDF 'corpus/benefits_policy_manual/bp102c07.pdf'.
2026-06-04 03:32:03,126 - chunk - INFO - Created 176 chunks for PDF 'corpus/benefits_policy_manual/bp102c08.pdf'.
2026-06-04 03:32:03,134 - chunk - INFO - Created 190 chunks for PDF 'corpus/benefits_policy_manual/bp102c09.pdf'.
2026-06-04 03:32:03,137 - chunk - INFO - Created 78 chunks for PDF 'corpus/benefits_policy_manual/bp102c10.pdf'.
2026-06-04 03:32:03,145 - chunk - INFO - Created 243 chunks for PDF 'corpus/benefits_policy_manual/bp102c11.pdf'.
2026-06-04 03:32:03,147 - chunk - INFO - Created 55 chunks for PDF 'corpus/benefits_policy_manual/bp102c12.pdf'.
2026-06-04 03:32:03,153 - chunk - INFO - Created 208 chunks for PDF 'corpus/benefits_policy_manual/bp102c13.pdf'.
2026-06-04 03:32:03,154 - chunk - INFO - Created 21 chunks for PDF 'corpus/benefits_policy_manual/bp102c14.pdf'.
2026-06-04 03:32:03,188 - chunk - INFO - Created 990 chunks for PDF 'corpus/benefits_policy_manual/bp102c15.pdf'.
2026-06-04 03:32:03,193 - chunk - INFO - Created 110 chunks for PDF 'corpus/benefits_policy_manual/bp102c16.pdf'.
2026-06-04 03:32:03,232 - chunk - INFO - Created 944 chunks for PDF 'corpus/claim_processing_manual/clm104c01.pdf'.
2026-06-04 03:32:03,235 - chunk - INFO - Created 72 chunks for PDF 'corpus/claim_processing_manual/clm104c02.pdf'.
2026-06-04 03:32:03,285 - chunk - INFO - Created 1184 chunks for PDF 'corpus/claim_processing_manual/clm104c03.pdf'.
2026-06-04 03:32:03,316 - chunk - INFO - Created 883 chunks for PDF 'corpus/claim_processing_manual/clm104c04.pdf'.
2026-06-04 03:32:03,337 - chunk - INFO - Created 368 chunks for PDF 'corpus/claim_processing_manual/clm104c05.pdf'.
2026-06-04 03:32:03,347 - chunk - INFO - Created 286 chunks for PDF 'corpus/claim_processing_manual/clm104c06.pdf'.
2026-06-04 03:32:03,349 - chunk - INFO - Created 55 chunks for PDF 'corpus/claim_processing_manual/clm104c07.pdf'.
2026-06-04 03:32:03,357 - chunk - INFO - Created 248 chunks for PDF 'corpus/claim_processing_manual/clm104c08.pdf'.
2026-06-04 03:32:03,362 - chunk - INFO - Created 116 chunks for PDF 'corpus/claim_processing_manual/clm104c09.pdf'.
2026-06-04 03:32:03,371 - chunk - INFO - Created 249 chunks for PDF 'corpus/claim_processing_manual/clm104c10.pdf'.
2026-06-04 03:32:03,378 - chunk - INFO - Created 220 chunks for PDF 'corpus/claim_processing_manual/clm104c11.pdf'.
2026-06-04 03:32:03,403 - chunk - INFO - Created 660 chunks for PDF 'corpus/claim_processing_manual/clm104c12.pdf'.
2026-06-04 03:32:03,412 - chunk - INFO - Created 213 chunks for PDF 'corpus/claim_processing_manual/clm104c13.pdf'.
2026-06-04 03:32:03,415 - chunk - INFO - Created 96 chunks for PDF 'corpus/claim_processing_manual/clm104c14.pdf'.
2026-06-04 03:32:03,420 - chunk - INFO - Created 146 chunks for PDF 'corpus/claim_processing_manual/clm104c15.pdf'.
2026-06-04 03:32:03,431 - chunk - INFO - Created 248 chunks for PDF 'corpus/claim_processing_manual/clm104c16.pdf'.
2026-06-04 03:32:03,442 - chunk - INFO - Created 293 chunks for PDF 'corpus/claim_processing_manual/clm104c17.pdf'.
2026-06-04 03:32:03,468 - chunk - INFO - Created 695 chunks for PDF 'corpus/claim_processing_manual/clm104c18.pdf'.
2026-06-04 03:32:03,474 - chunk - INFO - Created 164 chunks for PDF 'corpus/claim_processing_manual/clm104c19.pdf'.
2026-06-04 03:32:03,486 - chunk - INFO - Created 325 chunks for PDF 'corpus/claim_processing_manual/clm104c20.pdf'.
2026-06-04 03:32:03,502 - chunk - INFO - Created 354 chunks for PDF 'corpus/claim_processing_manual/clm104c21.pdf'.
2026-06-04 03:32:03,504 - chunk - INFO - Created 56 chunks for PDF 'corpus/claim_processing_manual/clm104c22.pdf'.
2026-06-04 03:32:03,516 - chunk - INFO - Created 323 chunks for PDF 'corpus/claim_processing_manual/clm104c23.pdf'.
2026-06-04 03:32:03,534 - chunk - INFO - Created 404 chunks for PDF 'corpus/claim_processing_manual/clm104c24.pdf'.
2026-06-04 03:32:03,537 - chunk - INFO - Created 68 chunks for PDF 'corpus/claim_processing_manual/clm104c25.pdf'.
2026-06-04 03:32:03,544 - chunk - INFO - Created 188 chunks for PDF 'corpus/claim_processing_manual/clm104c26.pdf'.
2026-06-04 03:32:03,552 - chunk - INFO - Created 208 chunks for PDF 'corpus/claim_processing_manual/clm104c27.pdf'.
2026-06-04 03:32:03,565 - chunk - INFO - Created 308 chunks for PDF 'corpus/claim_processing_manual/clm104c28.pdf'.
2026-06-04 03:32:03,577 - chunk - INFO - Created 341 chunks for PDF 'corpus/claim_processing_manual/clm104c29.pdf'.
2026-06-04 03:32:03,600 - chunk - INFO - Created 556 chunks for PDF 'corpus/claim_processing_manual/clm104c30.pdf'.
2026-06-04 03:32:03,601 - chunk - INFO - Created 31 chunks for PDF 'corpus/claim_processing_manual/clm104c31.pdf'.
2026-06-04 03:32:03,641 - chunk - INFO - Created 1008 chunks for PDF 'corpus/claim_processing_manual/clm104c32.pdf'.
2026-06-04 03:32:03,644 - chunk - INFO - Created 46 chunks for PDF 'corpus/claim_processing_manual/clm104c33.pdf'.
2026-06-04 03:32:03,646 - chunk - INFO - Created 49 chunks for PDF 'corpus/claim_processing_manual/clm104c34.pdf'.
2026-06-04 03:32:03,647 - chunk - INFO - Created 20 chunks for PDF 'corpus/claim_processing_manual/clm104c35.pdf'.
2026-06-04 03:32:03,653 - chunk - INFO - Created 145 chunks for PDF 'corpus/claim_processing_manual/clm104c36.pdf'.
2026-06-04 03:32:03,654 - chunk - INFO - Created 19 chunks for PDF 'corpus/claim_processing_manual/clm104c37.pdf'.
2026-06-04 03:32:03,655 - chunk - INFO - Created 14 chunks for PDF 'corpus/claim_processing_manual/clm104c38.pdf'.
2026-06-04 03:32:03,657 - chunk - INFO - Created 58 chunks for PDF 'corpus/claim_processing_manual/chapter-39-opioid-treatment-programs-otps.pdf'.
2026-06-04 03:32:04,000 - chunk - INFO - PDF chunking completed successfully, created 14492 chunks.
