2026-06-03 15:44:14,518 - ingest - INFO - Starting PDF ingestion process...
2026-06-03 15:44:14,518 - ingest - INFO - Processing file: bp102c01.pdf
2026-06-03 15:44:23,909 - ingest - INFO - Processing file: bp102c02.pdf
2026-06-03 15:44:27,847 - ingest - INFO - Processing file: bp102c03.pdf
2026-06-03 15:44:28,267 - ingest - INFO - Processing file: bp102c04.pdf
2026-06-03 15:44:28,563 - ingest - INFO - Processing file: bp102c05.pdf
2026-06-03 15:44:30,119 - ingest - INFO - Processing file: bp102c06.pdf
2026-06-03 15:44:36,707 - ingest - INFO - Processing file: bp102c07.pdf
2026-06-03 15:44:42,940 - ingest - INFO - Processing file: bp102c08.pdf
2026-06-03 15:44:45,914 - ingest - INFO - Processing file: bp102c09.pdf
2026-06-03 15:44:48,604 - ingest - INFO - Processing file: bp102c10.pdf
2026-06-03 15:44:49,761 - ingest - INFO - Processing file: bp102c11.pdf
2026-06-03 15:44:53,485 - ingest - INFO - Processing file: bp102c12.pdf
2026-06-03 15:44:54,279 - ingest - INFO - Processing file: bp102c13.pdf
2026-06-03 15:44:57,026 - ingest - INFO - Processing file: bp102c14.pdf
2026-06-03 15:44:57,405 - ingest - INFO - Processing file: bp102c15.pdf
2026-06-03 15:45:10,398 - ingest - INFO - Processing file: bp102c16.pdf
2026-06-03 15:45:11,832 - ingest - INFO - Processing file: clm104c01.pdf
2026-06-03 15:45:25,912 - ingest - INFO - Processing file: clm104c02.pdf
2026-06-03 15:45:26,876 - ingest - INFO - Processing file: clm104c03.pdf
2026-06-03 15:45:45,230 - ingest - INFO - Processing file: clm104c04.pdf
2026-06-03 15:45:58,152 - ingest - INFO - Processing file: clm104c05.pdf
2026-06-03 15:46:03,766 - ingest - INFO - Processing file: clm104c06.pdf
2026-06-03 15:46:07,452 - ingest - INFO - Processing file: clm104c07.pdf
2026-06-03 15:46:08,222 - ingest - INFO - Processing file: clm104c08.pdf
2026-06-03 15:46:11,566 - ingest - INFO - Processing file: clm104c09.pdf
2026-06-03 15:46:13,714 - ingest - INFO - Processing file: clm104c10.pdf
2026-06-03 15:46:17,381 - ingest - INFO - Processing file: clm104c11.pdf
2026-06-03 15:46:21,109 - ingest - INFO - Processing file: clm104c12.pdf
2026-06-03 15:46:30,170 - ingest - INFO - Processing file: clm104c13.pdf
2026-06-03 15:46:33,327 - ingest - INFO - Processing file: clm104c14.pdf
2026-06-03 15:46:34,664 - ingest - INFO - Processing file: clm104c15.pdf
2026-06-03 15:46:37,118 - ingest - INFO - Processing file: clm104c16.pdf
2026-06-03 15:46:41,089 - ingest - INFO - Processing file: clm104c17.pdf
2026-06-03 15:46:45,121 - ingest - INFO - Processing file: clm104c18.pdf
2026-06-03 15:46:56,386 - ingest - INFO - Processing file: clm104c19.pdf
2026-06-03 15:46:58,760 - ingest - INFO - Processing file: clm104c20.pdf
2026-06-03 15:47:03,490 - ingest - INFO - Processing file: clm104c21.pdf
2026-06-03 15:47:09,334 - ingest - INFO - Processing file: clm104c22.pdf
2026-06-03 15:47:10,281 - ingest - INFO - Processing file: clm104c23.pdf
2026-06-03 15:47:15,735 - ingest - INFO - Processing file: clm104c24.pdf
2026-06-03 15:47:21,146 - ingest - INFO - Processing file: clm104c25.pdf
2026-06-03 15:47:22,797 - ingest - INFO - Processing file: clm104c26.pdf
2026-06-03 15:47:26,689 - ingest - INFO - Processing file: clm104c27.pdf
2026-06-03 15:47:29,471 - ingest - INFO - Processing file: clm104c28.pdf
2026-06-03 15:47:33,954 - ingest - INFO - Processing file: clm104c29.pdf
2026-06-03 15:47:39,729 - ingest - INFO - Processing file: clm104c30.pdf
2026-06-03 15:47:46,745 - ingest - INFO - Processing file: clm104c31.pdf
2026-06-03 15:47:47,225 - ingest - INFO - Processing file: clm104c32.pdf
2026-06-03 15:48:03,787 - ingest - INFO - Processing file: clm104c33.pdf
2026-06-03 15:48:04,413 - ingest - INFO - Processing file: clm104c34.pdf
2026-06-03 15:48:05,143 - ingest - INFO - Processing file: clm104c35.pdf
2026-06-03 15:48:05,488 - ingest - INFO - Processing file: clm104c36.pdf
2026-06-03 15:48:07,580 - ingest - INFO - Processing file: clm104c37.pdf
2026-06-03 15:48:07,875 - ingest - INFO - Processing file: clm104c38.pdf
2026-06-03 15:48:08,100 - ingest - INFO - Processing file: chapter-39-opioid-treatment-programs-otps.pdf
2026-06-03 15:48:09,078 - ingest - INFO - PDF ingestion completed successfully with 55 files.
